<?xml version="1.0" encoding="UTF-8"?>
<testsuite name="Choucair Academy" tests="1" skipped="0" failures="0" errors="0" timestamp="2022-01-31T13:20:26" hostname="DESKTOP-OSH9F67" time="11.53">
  <properties/>
  <testcase name="Search for automation course" classname="Choucair Academy" time="11.53"/>
  <system-out><![CDATA[]]></system-out>
  <system-err><![CDATA[[Test worker] WARN net.thucydides.core.steps.BaseStepListener - stepStarted: net.thucydides.core.steps.ExecutedStepDescription@28a2d0b8
[Test worker] WARN net.thucydides.core.steps.BaseStepListener - stepStarted: net.thucydides.core.steps.ExecutedStepDescription@7430fce5
[Test worker] WARN net.thucydides.core.steps.BaseStepListener - stepStarted: net.thucydides.core.steps.ExecutedStepDescription@151ac4c8
ene 31, 2022 8:20:27 AM org.openqa.selenium.remote.DesiredCapabilities chrome
INFORMACIÓN: Using `new ChromeOptions()` is preferred to `DesiredCapabilities.chrome()`
[Test worker] INFO net.serenitybdd.core.webdriver.driverproviders.ProvideNewDriver - Instantiating driver
[Test worker] INFO net.serenitybdd.core.webdriver.driverproviders.ProvideNewDriver - Driver capabilities: Capabilities {acceptInsecureCerts: false, browserName: chrome, chrome.switches: --start-maximized, goog:chromeOptions: {args: [--start-maximized], extensions: []}, loggingPrefs: org.openqa.selenium.logging..., platform: ANY, version: }
Starting ChromeDriver 96.0.4664.45 (76e4c1bb2ab4671b8beba3444e61c0f17584b2fc-refs/branch-heads/4664@{#947}) on port 44364
Only local connections are allowed.
Please see https://chromedriver.chromium.org/security-considerations for suggestions on keeping ChromeDriver safe.
ChromeDriver was started successfully.
[1643635231.036][WARNING]: This version of ChromeDriver has not been tested with Chrome version 97.
ene 31, 2022 8:20:31 AM org.openqa.selenium.remote.ProtocolHandshake createSession
INFORMACIÓN: Detected dialect: W3C
[Test worker] WARN net.thucydides.core.steps.BaseStepListener - stepFinished: current outcome:Search for automation course:Given than BUGH wants to learn automation at the Choucair Academy [Bugh open up [Bugh opens the Choucair academy page]]
[Test worker] WARN net.thucydides.core.steps.BaseStepListener - stepFinished: current outcome:Search for automation course:Given than BUGH wants to learn automation at the Choucair Academy [Bugh open up [Bugh opens the Choucair academy page]]
[Test worker] WARN net.thucydides.core.steps.BaseStepListener - stepFinished: current outcome:Search for automation course:Given than BUGH wants to learn automation at the Choucair Academy [Bugh open up [Bugh opens the Choucair academy page]]
[Test worker] WARN net.thucydides.core.steps.BaseStepListener - stepStarted: net.thucydides.core.steps.ExecutedStepDescription@5d015226
[Test worker] WARN net.thucydides.core.steps.BaseStepListener - stepFinished: current outcome:Search for automation course:Given than BUGH wants to learn automation at the Choucair Academy [Bugh open up [Bugh opens the Choucair academy page]], When he searches for the course Recursos Automatizacion Bancolombia on the Choucair Academy
[Test worker] WARN net.thucydides.core.steps.BaseStepListener - stepStarted: net.thucydides.core.steps.ExecutedStepDescription@17f57313
[Test worker] WARN net.thucydides.core.steps.BaseStepListener - stepFinished: current outcome:Search for automation course:Given than BUGH wants to learn automation at the Choucair Academy [Bugh open up [Bugh opens the Choucair academy page]], When he searches for the course Recursos Automatizacion Bancolombia on the Choucair Academy, Then he finds the course called Recursos Automatizacion Bancolombia
[Test worker] WARN net.thucydides.core.steps.BaseStepListener - testFinished: Search for automation course:Given than BUGH wants to learn automation at the Choucair Academy [Bugh open up [Bugh opens the Choucair academy page]], When he searches for the course Recursos Automatizacion Bancolombia on the Choucair Academy, Then he finds the course called Recursos Automatizacion Bancolombia
[Test worker] WARN net.thucydides.core.steps.BaseStepListener - TestOutcomes: [Search for automation course:Given than BUGH wants to learn automation at the Choucair Academy [Bugh open up [Bugh opens the Choucair academy page]], When he searches for the course Recursos Automatizacion Bancolombia on the Choucair Academy, Then he finds the course called Recursos Automatizacion Bancolombia]
[Test worker] WARN net.thucydides.core.steps.BaseStepListener - Final testOutcomes: [Search for automation course:Given than BUGH wants to learn automation at the Choucair Academy [Bugh open up [Bugh opens the Choucair academy page]], When he searches for the course Recursos Automatizacion Bancolombia on the Choucair Academy, Then he finds the course called Recursos Automatizacion Bancolombia]
[Test worker] INFO net.thucydides.core.steps.ConsoleLoggingListener - 
        __    _____ _____ ____ _____   ____   _    ____  ____  _____ ____  
  _     \ \  |_   _| ____/ ___|_   _| |  _ \ / \  / ___|/ ___|| ____|  _ \ 
 (_)_____| |   | | |  _| \___ \ | |   | |_) / _ \ \___ \\___ \|  _| | | | |
  _|_____| |   | | | |___ ___) || |   |  __/ ___ \ ___) |___) | |___| |_| |
 (_)     | |   |_| |_____|____/ |_|   |_| /_/   \_\____/|____/|_____|____/ 
        /_/                                                                

TEST PASSED: Search for automation course
----------------------------------------------------------------------------
]]></system-err>
</testsuite>
